{
  "0 debug pnpm:scope": {
    "selected": 1,
    "workspacePrefix": "/home/eoin/orgs/personal/pgsass"
  },
  "1 debug pnpm:package-manifest": {
    "initial": {
      "name": "pgsass",
      "version": "1.0.0",
      "repository": {
        "type": "git",
        "url": "git+https://github.com/des-des/pgsass.git"
      },
      "author": "@des-des",
      "license": "UNLICENSED",
      "workspaces": [
        "packages/gql-docs"
      ],
      "bugs": {
        "url": "https://github.com/des-des/pgsass/issues"
      },
      "homepage": "https://github.com/des-des/pgsass#readme",
      "main": "index.js",
      "scripts": {
        "test": "echo \"Error: no test specified\" && exit 1"
      },
      "description": ""
    },
    "prefix": "/home/eoin/orgs/personal/pgsass"
  },
  "2 debug pnpm:context": {
    "currentLockfileExists": false,
    "storeDir": "/home/eoin/.pnpm-store/v3",
    "virtualStoreDir": "/home/eoin/orgs/personal/pgsass/node_modules/.pnpm"
  },
  "3 debug pnpm:stage": {
    "prefix": "/home/eoin/orgs/personal/pgsass",
    "stage": "resolution_started"
  },
  "4 debug pnpm:update-check": {
    "currentVersion": "6.24.3",
    "latestVersion": "6.24.3"
  },
  "5 error pnpm": {
    "shortMessage": "Command failed with exit code 128: /usr/bin/git ls-remote git+ssh://git@github.com/packages/gql-docs.git HEAD",
    "command": "/usr/bin/git ls-remote git+ssh://git@github.com/packages/gql-docs.git HEAD",
    "escapedCommand": "\"/usr/bin/git\" ls-remote \"git+ssh://git@github.com/packages/gql-docs.git\" HEAD",
    "exitCode": 128,
    "stdout": "",
    "stderr": "ERROR: Repository not found.\nfatal: Could not read from remote repository.\n\nPlease make sure you have the correct access rights\nand the repository exists.",
    "failed": true,
    "timedOut": false,
    "isCanceled": false,
    "killed": false,
    "pkgsStack": [],
    "err": {
      "name": "pnpm",
      "message": "Command failed with exit code 128: /usr/bin/git ls-remote git+ssh://git@github.com/packages/gql-docs.git HEAD\nERROR: Repository not found.\nfatal: Could not read from remote repository.\n\nPlease make sure you have the correct access rights\nand the repository exists.",
      "stack": "pnpm: Command failed with exit code 128: /usr/bin/git ls-remote git+ssh://git@github.com/packages/gql-docs.git HEAD\nERROR: Repository not found.\nfatal: Could not read from remote repository.\n\nPlease make sure you have the correct access rights\nand the repository exists.\n    at makeError (/home/eoin/.nvm/versions/node/v14.17.3/pnpm-global/5/node_modules/.pnpm/pnpm@6.24.3/node_modules/pnpm/dist/pnpm.cjs:42357:17)\n    at handlePromise (/home/eoin/.nvm/versions/node/v14.17.3/pnpm-global/5/node_modules/.pnpm/pnpm@6.24.3/node_modules/pnpm/dist/pnpm.cjs:42928:33)\n    at processTicksAndRejections (internal/process/task_queues.js:95:5)\n    at async getRepoRefs (/home/eoin/.nvm/versions/node/v14.17.3/pnpm-global/5/node_modules/.pnpm/pnpm@6.24.3/node_modules/pnpm/dist/pnpm.cjs:84701:23)\n    at async resolveRef (/home/eoin/.nvm/versions/node/v14.17.3/pnpm-global/5/node_modules/.pnpm/pnpm@6.24.3/node_modules/pnpm/dist/pnpm.cjs:84713:20)\n    at async resolveGit (/home/eoin/.nvm/versions/node/v14.17.3/pnpm-global/5/node_modules/.pnpm/pnpm@6.24.3/node_modules/pnpm/dist/pnpm.cjs:84664:24)\n    at async Object.resolve (/home/eoin/.nvm/versions/node/v14.17.3/pnpm-global/5/node_modules/.pnpm/pnpm@6.24.3/node_modules/pnpm/dist/pnpm.cjs:85781:241)\n    at async run (/home/eoin/.nvm/versions/node/v14.17.3/pnpm-global/5/node_modules/.pnpm/pnpm@6.24.3/node_modules/pnpm/dist/pnpm.cjs:71433:23)"
    }
  }
}